# JRE version: Java(TM) SE Runtime Environment (8.0_111-b14) (build 1.8.0_111-b14)
# Java VM: Java HotSpot(TM) 64-Bit Server VM (25.111-b14 mixed mode windows-amd64 compressed oops)
Heap:
 PSYoungGen      total 295424K, used 184955K [0x00000000e0000000, 0x00000000f4f80000, 0x0000000100000000)
  eden space 270336K, 59% used [0x00000000e0000000,0x00000000e9c24d68,0x00000000f0800000)
  from space 25088K, 99% used [0x00000000f0800000,0x00000000f2079fe8,0x00000000f2080000)
  to   space 31744K, 0% used [0x00000000f3080000,0x00000000f3080000,0x00000000f4f80000)
 ParOldGen       total 129024K, used 59824K [0x00000000a0000000, 0x00000000a7e00000, 0x00000000e0000000)
  object space 129024K, 46% used [0x00000000a0000000,0x00000000a3a6c358,0x00000000a7e00000)
 Metaspace       used 87678K, capacity 92046K, committed 92416K, reserved 1130496K
  class space    used 11239K, capacity 11926K, committed 12032K, reserved 1048576K
GC Heap History (10 events):
Event: 7112.327 GC heap before
{Heap before GC invocations=55 (full 11):
 PSYoungGen      total 273920K, used 142416K [0x00000000e0000000, 0x00000000f2d00000, 0x0000000100000000)
  eden space 255488K, 48% used [0x00000000e0000000,0x00000000e7916058,0x00000000ef980000)
  from space 18432K, 99% used [0x00000000ef980000,0x00000000f0b7e390,0x00000000f0b80000)
  to   space 22528K, 0% used [0x00000000f1700000,0x00000000f1700000,0x00000000f2d00000)
 ParOldGen       total 129024K, used 39336K [0x00000000a0000000, 0x00000000a7e00000, 0x00000000e0000000)
  object space 129024K, 30% used [0x00000000a0000000,0x00000000a266a140,0x00000000a7e00000)
 Metaspace       used 83898K, capacity 88134K, committed 88448K, reserved 1126400K
  class space    used 10870K, capacity 11541K, committed 11648K, reserved 1048576K
Event: 7112.400 GC heap after
Heap after GC invocations=55 (full 11):
 PSYoungGen      total 282624K, used 21443K [0x00000000e0000000, 0x00000000f3300000, 0x0000000100000000)
  eden space 260096K, 0% used [0x00000000e0000000,0x00000000e0000000,0x00000000efe00000)
  from space 22528K, 95% used [0x00000000f1700000,0x00000000f2bf0c28,0x00000000f2d00000)
  to   space 25600K, 0% used [0x00000000efe00000,0x00000000efe00000,0x00000000f1700000)
 ParOldGen       total 129024K, used 39344K [0x00000000a0000000, 0x00000000a7e00000, 0x00000000e0000000)
  object space 129024K, 30% used [0x00000000a0000000,0x00000000a266c140,0x00000000a7e00000)
 Metaspace       used 83898K, capacity 88134K, committed 88448K, reserved 1126400K
  class space    used 10870K, capacity 11541K, committed 11648K, reserved 1048576K
}
Event: 7112.400 GC heap before
{Heap before GC invocations=56 (full 12):
 PSYoungGen      total 282624K, used 21443K [0x00000000e0000000, 0x00000000f3300000, 0x0000000100000000)
  eden space 260096K, 0% used [0x00000000e0000000,0x00000000e0000000,0x00000000efe00000)
  from space 22528K, 95% used [0x00000000f1700000,0x00000000f2bf0c28,0x00000000f2d00000)
  to   space 25600K, 0% used [0x00000000efe00000,0x00000000efe00000,0x00000000f1700000)
 ParOldGen       total 129024K, used 39344K [0x00000000a0000000, 0x00000000a7e00000, 0x00000000e0000000)
  object space 129024K, 30% used [0x00000000a0000000,0x00000000a266c140,0x00000000a7e00000)
 Metaspace       used 83898K, capacity 88134K, committed 88448K, reserved 1126400K
  class space    used 10870K, capacity 11541K, committed 11648K, reserved 1048576K
Event: 7112.959 GC heap after
Heap after GC invocations=56 (full 12):
 PSYoungGen      total 282624K, used 0K [0x00000000e0000000, 0x00000000f3300000, 0x0000000100000000)
  eden space 260096K, 0% used [0x00000000e0000000,0x00000000e0000000,0x00000000efe00000)
  from space 22528K, 0% used [0x00000000f1700000,0x00000000f1700000,0x00000000f2d00000)
  to   space 25600K, 0% used [0x00000000efe00000,0x00000000efe00000,0x00000000f1700000)
 ParOldGen       total 129024K, used 51613K [0x00000000a0000000, 0x00000000a7e00000, 0x00000000e0000000)
  object space 129024K, 40% used [0x00000000a0000000,0x00000000a3267788,0x00000000a7e00000)
 Metaspace       used 83363K, capacity 87018K, committed 88448K, reserved 1126400K
  class space    used 10762K, capacity 11354K, committed 11648K, reserved 1048576K
}
Event: 7148.222 GC heap before
{Heap before GC invocations=57 (full 12):
 PSYoungGen      total 282624K, used 260096K [0x00000000e0000000, 0x00000000f3300000, 0x0000000100000000)
  eden space 260096K, 100% used [0x00000000e0000000,0x00000000efe00000,0x00000000efe00000)
  from space 22528K, 0% used [0x00000000f1700000,0x00000000f1700000,0x00000000f2d00000)
  to   space 25600K, 0% used [0x00000000efe00000,0x00000000efe00000,0x00000000f1700000)
 ParOldGen       total 129024K, used 51613K [0x00000000a0000000, 0x00000000a7e00000, 0x00000000e0000000)
  object space 129024K, 40% used [0x00000000a0000000,0x00000000a3267788,0x00000000a7e00000)
 Metaspace       used 85586K, capacity 89548K, committed 90112K, reserved 1128448K
  class space    used 11003K, capacity 11673K, committed 11776K, reserved 1048576K
Event: 7148.442 GC heap after
Heap after GC invocations=57 (full 12):
 PSYoungGen      total 285696K, used 15496K [0x00000000e0000000, 0x00000000f3b80000, 0x0000000100000000)
  eden space 260096K, 0% used [0x00000000e0000000,0x00000000e0000000,0x00000000efe00000)
  from space 25600K, 60% used [0x00000000efe00000,0x00000000f0d22268,0x00000000f1700000)
  to   space 26112K, 0% used [0x00000000f2200000,0x00000000f2200000,0x00000000f3b80000)
 ParOldGen       total 129024K, used 51621K [0x00000000a0000000, 0x00000000a7e00000, 0x00000000e0000000)
  object space 129024K, 40% used [0x00000000a0000000,0x00000000a3269788,0x00000000a7e00000)
 Metaspace       used 85586K, capacity 89548K, committed 90112K, reserved 1128448K
  class space    used 11003K, capacity 11673K, committed 11776K, reserved 1048576K
}
Event: 7163.299 GC heap before
{Heap before GC invocations=58 (full 12):
 PSYoungGen      total 285696K, used 275592K [0x00000000e0000000, 0x00000000f3b80000, 0x0000000100000000)
  eden space 260096K, 100% used [0x00000000e0000000,0x00000000efe00000,0x00000000efe00000)
  from space 25600K, 60% used [0x00000000efe00000,0x00000000f0d22268,0x00000000f1700000)
  to   space 26112K, 0% used [0x00000000f2200000,0x00000000f2200000,0x00000000f3b80000)
 ParOldGen       total 129024K, used 51621K [0x00000000a0000000, 0x00000000a7e00000, 0x00000000e0000000)
  object space 129024K, 40% used [0x00000000a0000000,0x00000000a3269788,0x00000000a7e00000)
 Metaspace       used 85730K, capacity 89692K, committed 90368K, reserved 1128448K
  class space    used 11007K, capacity 11673K, committed 11776K, reserved 1048576K
Event: 7163.331 GC heap after
Heap after GC invocations=58 (full 12):
 PSYoungGen      total 293888K, used 8848K [0x00000000e0000000, 0x00000000f3900000, 0x0000000100000000)
  eden space 270336K, 0% used [0x00000000e0000000,0x00000000e0000000,0x00000000f0800000)
  from space 23552K, 37% used [0x00000000f2200000,0x00000000f2aa4010,0x00000000f3900000)
  to   space 25088K, 0% used [0x00000000f0800000,0x00000000f0800000,0x00000000f2080000)
 ParOldGen       total 129024K, used 51629K [0x00000000a0000000, 0x00000000a7e00000, 0x00000000e0000000)
  object space 129024K, 40% used [0x00000000a0000000,0x00000000a326b788,0x00000000a7e00000)
 Metaspace       used 85730K, capacity 89692K, committed 90368K, reserved 1128448K
  class space    used 11007K, capacity 11673K, committed 11776K, reserved 1048576K
}
Event: 7202.477 GC heap before
{Heap before GC invocations=59 (full 12):
 PSYoungGen      total 293888K, used 279184K [0x00000000e0000000, 0x00000000f3900000, 0x0000000100000000)
  eden space 270336K, 100% used [0x00000000e0000000,0x00000000f0800000,0x00000000f0800000)
  from space 23552K, 37% used [0x00000000f2200000,0x00000000f2aa4010,0x00000000f3900000)
  to   space 25088K, 0% used [0x00000000f0800000,0x00000000f0800000,0x00000000f2080000)
 ParOldGen       total 129024K, used 51629K [0x00000000a0000000, 0x00000000a7e00000, 0x00000000e0000000)
  object space 129024K, 40% used [0x00000000a0000000,0x00000000a326b788,0x00000000a7e00000)
 Metaspace       used 87113K, capacity 91182K, committed 91776K, reserved 1128448K
  class space    used 11170K, capacity 11828K, committed 11904K, reserved 1048576K
Event: 7202.565 GC heap after
Heap after GC invocations=59 (full 12):
 PSYoungGen      total 295424K, used 25063K [0x00000000e0000000, 0x00000000f4f80000, 0x0000000100000000)
  eden space 270336K, 0% used [0x00000000e0000000,0x00000000e0000000,0x00000000f0800000)
  from space 25088K, 99% used [0x00000000f0800000,0x00000000f2079fe8,0x00000000f2080000)
  to   space 31744K, 0% used [0x00000000f3080000,0x00000000f3080000,0x00000000f4f80000)
 ParOldGen       total 129024K, used 59824K [0x00000000a0000000, 0x00000000a7e00000, 0x00000000e0000000)
  object space 129024K, 46% used [0x00000000a0000000,0x00000000a3a6c358,0x00000000a7e00000)
 Metaspace       used 87113K, capacity 91182K, committed 91776K, reserved 1128448K
  class space    used 11170K, capacity 11828K, committed 11904K, reserved 1048576K
}

